Build started 13.06.2015 13:48:34.
     1>Project "D:\Development\Projects\ServerApp\ServerApp\ServerApp.vcxproj" on node 2 (Build target(s)).
     1>ClCompile:
         C:\Program Files (x86)\Microsoft Visual Studio 11.0\VC\bin\CL.exe /c /ZI /nologo /W3 /WX- /Od /Oy- /D WIN32 /D _DEBUG /D _WINDOWS /D _MBCS /Gm /EHsc /RTC1 /MDd /GS /fp:precise /Zc:wchar_t /Zc:forScope /Fo"Debug\\" /Fd"Debug\vc110.pdb" /Gd /TP /analyze- /errorReport:prompt Source.cpp
         Source.cpp
     1>d:\development\projects\serverapp\serverapp\source.cpp(102): warning C4996: 'access': The POSIX name for this item is deprecated. Instead, use the ISO C++ conformant name: _access. See online help for details.
                 c:\program files (x86)\microsoft visual studio 11.0\vc\include\io.h(302) : see declaration of 'access'
     1>d:\development\projects\serverapp\serverapp\source.cpp(263): warning C4996: 'sprintf': This function or variable may be unsafe. Consider using sprintf_s instead. To disable deprecation, use _CRT_SECURE_NO_WARNINGS. See online help for details.
                 c:\program files (x86)\microsoft visual studio 11.0\vc\include\stdio.h(357) : see declaration of 'sprintf'
     1>d:\development\projects\serverapp\serverapp\source.cpp(324): warning C4018: '<' : signed/unsigned mismatch
     1>d:\development\projects\serverapp\serverapp\source.cpp(520): warning C4018: '<' : signed/unsigned mismatch
     1>d:\development\projects\serverapp\serverapp\source.cpp(722): warning C4018: '<' : signed/unsigned mismatch
     1>d:\development\projects\serverapp\serverapp\source.cpp(925): warning C4244: 'argument' : conversion from 'DWORD' to 'BYTE', possible loss of data
     1>d:\development\projects\serverapp\serverapp\source.cpp(927): warning C4244: 'argument' : conversion from 'DWORD' to 'BYTE', possible loss of data
     1>d:\development\projects\serverapp\serverapp\source.cpp(933): warning C4244: 'argument' : conversion from 'DWORD' to 'BYTE', possible loss of data
     1>d:\development\projects\serverapp\serverapp\source.cpp(935): warning C4244: 'argument' : conversion from 'DWORD' to 'BYTE', possible loss of data
       Link:
         C:\Program Files (x86)\Microsoft Visual Studio 11.0\VC\bin\link.exe /ERRORREPORT:PROMPT /OUT:"D:\Development\Projects\ServerApp\Debug\ServerApp.exe" /INCREMENTAL /NOLOGO Comctl32.lib ws2_32.lib kernel32.lib user32.lib gdi32.lib winspool.lib comdlg32.lib advapi32.lib shell32.lib ole32.lib oleaut32.lib uuid.lib odbc32.lib odbccp32.lib kernel32.lib user32.lib gdi32.lib winspool.lib comdlg32.lib advapi32.lib shell32.lib ole32.lib oleaut32.lib uuid.lib odbc32.lib odbccp32.lib /MANIFEST /MANIFESTUAC:"level='asInvoker' uiAccess='false'" /manifest:embed /DEBUG /PDB:"D:\Development\Projects\ServerApp\Debug\ServerApp.pdb" /SUBSYSTEM:WINDOWS /TLBID:1 /DYNAMICBASE /NXCOMPAT /IMPLIB:"D:\Development\Projects\ServerApp\Debug\ServerApp.lib" /MACHINE:X86 Debug\ServerApp.res
         Debug\Source.obj
         ServerApp.vcxproj -> D:\Development\Projects\ServerApp\Debug\ServerApp.exe
     1>Done Building Project "D:\Development\Projects\ServerApp\ServerApp\ServerApp.vcxproj" (Build target(s)).

Build succeeded.

Time Elapsed 00:00:01.45
